Unity Editor version:    2020.3.26f1 (7298b473bc1a)
Branch:                  2020.3/staging
Build type:              Release
Batch mode:              YES
macOS version:           Version 11.5.2 (Build 20G95)
Darwin version:          20.6.0
Architecture:            x86_64
Running under Rosetta:   NO
Available memory:        16384 MB
Using pre-set license
Pro License: NO

COMMAND LINE ARGUMENTS:
/Applications/Unity/Unity.app/Contents/MacOS/Unity
-adb2
-batchMode
-noUpm
-name
AssetImportWorker0
-projectPath
/Users/dwlebleu/Documents/SCHOOL/MOBILE APP DESIGN/W22_COP2671_053/Final_Project
-logFile
Logs/AssetImportWorker0.log
-srvPort
62235
Successfully changed project path to: /Users/dwlebleu/Documents/SCHOOL/MOBILE APP DESIGN/W22_COP2671_053/Final_Project
/Users/dwlebleu/Documents/SCHOOL/MOBILE APP DESIGN/W22_COP2671_053/Final_Project
Using Asset Import Pipeline V2.
Refreshing native plugins compatible for Editor in 44.51 ms, found 3 plugins.
Preloading 0 native plugins for Editor in 0.00 ms.
Initialize engine version: 2020.3.26f1 (7298b473bc1a)
[Subsystems] Discovering subsystems at path /Applications/Unity/Unity.app/Contents/Resources/UnitySubsystems
[Subsystems] Discovering subsystems at path /Users/dwlebleu/Documents/SCHOOL/MOBILE APP DESIGN/W22_COP2671_053/Final_Project/Assets
GfxDevice: creating device client; threaded=0
2022-03-02 13:23:39.019 Unity[52394:3485013] Color LCD preferred device: Intel(R) Iris(TM) Plus Graphics 640 (low power)
2022-03-02 13:23:39.019 Unity[52394:3485013] Metal devices available: 1
2022-03-02 13:23:39.019 Unity[52394:3485013] 0: Intel(R) Iris(TM) Plus Graphics 640 (low power)
2022-03-02 13:23:39.020 Unity[52394:3485013] Using device Intel(R) Iris(TM) Plus Graphics 640 (low power)
Initializing Metal device caps: Intel(R) Iris(TM) Plus Graphics 640
Initialize mono
Mono path[0] = '/Applications/Unity/Unity.app/Contents/Managed'
Mono path[1] = '/Applications/Unity/Unity.app/Contents/MonoBleedingEdge/lib/mono/unityjit'
Mono config path = '/Applications/Unity/Unity.app/Contents/MonoBleedingEdge/etc'
Using monoOptions --debugger-agent=transport=dt_socket,embedding=1,server=y,suspend=n,address=127.0.0.1:56394
Begin MonoManager ReloadAssembly
Registering precompiled unity dll's ...
Register platform support module: /Applications/Unity/Unity.app/Contents/PlaybackEngines/MacStandaloneSupport/UnityEditor.OSXStandalone.Extensions.dll
Registered in 0.001860 seconds.
Native extension for OSXStandalone target not found
Refreshing native plugins compatible for Editor in 41.69 ms, found 3 plugins.
Preloading 0 native plugins for Editor in 0.00 ms.
Mono: successfully reloaded assembly
- Completed reload, in  0.701 seconds
Domain Reload Profiling:
	ReloadAssembly (701ms)
		BeginReloadAssembly (41ms)
			ExecutionOrderSort (0ms)
			DisableScriptedObjects (0ms)
			BackupInstance (0ms)
			ReleaseScriptingObjects (0ms)
			CreateAndSetChildDomain (1ms)
		EndReloadAssembly (572ms)
			LoadAssemblies (43ms)
			RebuildTransferFunctionScriptingTraits (0ms)
			SetupTypeCache (227ms)
			ReleaseScriptCaches (0ms)
			RebuildScriptCaches (44ms)
			SetupLoadedEditorAssemblies (203ms)
				LogAssemblyErrors (0ms)
				InitializePlatformSupportModulesInManaged (5ms)
				SetLoadedEditorAssemblies (0ms)
				RefreshPlugins (42ms)
				BeforeProcessingInitializeOnLoad (11ms)
				ProcessInitializeOnLoadAttributes (112ms)
				ProcessInitializeOnLoadMethodAttributes (33ms)
				AfterProcessingInitializeOnLoad (0ms)
				EditorAssembliesLoaded (0ms)
			ExecutionOrderSort2 (0ms)
			AwakeInstancesAfterBackupRestoration (0ms)
Platform modules already initialized, skipping
Registering precompiled user dll's ...
Registered in 0.006519 seconds.
Begin MonoManager ReloadAssembly
Native extension for OSXStandalone target not found
Refreshing native plugins compatible for Editor in 49.49 ms, found 3 plugins.
Preloading 0 native plugins for Editor in 0.00 ms.
Mono: successfully reloaded assembly
- Completed reload, in  1.403 seconds
Domain Reload Profiling:
	ReloadAssembly (1405ms)
		BeginReloadAssembly (165ms)
			ExecutionOrderSort (0ms)
			DisableScriptedObjects (5ms)
			BackupInstance (0ms)
			ReleaseScriptingObjects (0ms)
			CreateAndSetChildDomain (34ms)
		EndReloadAssembly (1170ms)
			LoadAssemblies (112ms)
			RebuildTransferFunctionScriptingTraits (0ms)
			SetupTypeCache (390ms)
			ReleaseScriptCaches (0ms)
			RebuildScriptCaches (64ms)
			SetupLoadedEditorAssemblies (446ms)
				LogAssemblyErrors (0ms)
				InitializePlatformSupportModulesInManaged (5ms)
				SetLoadedEditorAssemblies (0ms)
				RefreshPlugins (50ms)
				BeforeProcessingInitializeOnLoad (89ms)
				ProcessInitializeOnLoadAttributes (278ms)
				ProcessInitializeOnLoadMethodAttributes (23ms)
				AfterProcessingInitializeOnLoad (1ms)
				EditorAssembliesLoaded (0ms)
			ExecutionOrderSort2 (0ms)
			AwakeInstancesAfterBackupRestoration (8ms)
Platform modules already initialized, skipping
Validating Project structure ... 0.000199 seconds.
Shader import version has changed; will reimport all shaders...
Upgrading shader files ...0.000263 seconds.
Application.AssetDatabase Initial Script Refresh Start
RefreshInfo: InitialScriptRefreshV2(NoUpdateAssetOptions) scanfilter:  ... 1 filters
RefreshProfiler: Total: 0.000ms
Application.AssetDatabase Initial Script Refresh End
Application.AssetDatabase.Refresh Start
Application.AssetDatabase.Refresh End
RefreshInfo: StopAssetImportingV2(ForceSynchronousImport) scanfilter: 
RefreshProfiler: Total: 0.000ms
Launching external process: /Applications/Unity/Unity.app/Contents/Tools/UnityShaderCompiler
Launched and connected shader compiler UnityShaderCompiler after 0.02 seconds
Initializing Unity extensions:
========================================================================
Worker process is ready to serve import requests
Refreshing native plugins compatible for Editor in 0.40 ms, found 3 plugins.
Preloading 0 native plugins for Editor in 0.00 ms.
Unloading 2198 Unused Serialized files (Serialized files now loaded: 0)
System memory in use before: 194.8 MB.
System memory in use after: 194.1 MB.

Unloading 101 unused Assets to reduce memory usage. Loaded Objects now: 2670.
Total: 3.760044 ms (FindLiveObjects: 0.174124 ms CreateObjectMapping: 0.082588 ms MarkObjects: 2.955577 ms  DeleteObjects: 0.546528 ms)

AssetImportParameters requested are different than current active one (requested -> active):
  custom:video-decoder-ogg-theora: a1e56fd34408186e4bbccfd4996cb3dc -> 
  custom:container-muxer-webm: aa71ff27fc2769a1b78a27578f13a17b -> 
  custom:container-demuxer-webm: 4f35f7cbe854078d1ac9338744f61a02 -> 
  custom:container-demuxer-ogg: 62fdf1f143b41e24485cea50d1cbac27 -> 
  custom:video-encoder-webm-vp8: eb34c28f22e8b96e1ab97ce403110664 -> 
  custom:framework-osx-AVFoundation: e770b220cccbd017edd2c1fefb359320 -> 
  custom:video-decoder-webm-vp8: 9c59270c3fd7afecdb556c50c9e8de78 -> 
  custom:audio-decoder-ogg-vorbis: bf7c407c2cedff20999df2af8eb42d56 -> 
  custom:audio-encoder-webm-vorbis: bf7c407c2cedff20999df2af8eb42d56 -> 
========================================================================
Received Import Request.
  path: Assets/W22_COP2671_053
  artifactKey: Guid(6f51f596e67d6465dae051c6d1f41c83) Importer(815301076,1909f56bfc062723c751e8b465ee728b)
Start importing Assets/W22_COP2671_053 using Guid(6f51f596e67d6465dae051c6d1f41c83) Importer(815301076,1909f56bfc062723c751e8b465ee728b)  -> (artifact id: 'c8ff6c8d86b52bef593cecf4fa469887') in 0.006128 seconds 
  Import took 0.010175 seconds .

========================================================================
Received Import Request.
  Time since last request: 23.674301 seconds.
  path: Assets/W22_COP2671_053/Scripts
  artifactKey: Guid(72e0df36f91db4f4ea1ac43d5697f096) Importer(815301076,1909f56bfc062723c751e8b465ee728b)
Start importing Assets/W22_COP2671_053/Scripts using Guid(72e0df36f91db4f4ea1ac43d5697f096) Importer(815301076,1909f56bfc062723c751e8b465ee728b)  -> (artifact id: '3aafc5003618529eb058f496d57fcdc9') in 0.002745 seconds 
  Import took 0.008312 seconds .

========================================================================
Received Prepare
Registering precompiled user dll's ...
Registered in 0.005062 seconds.
Begin MonoManager ReloadAssembly
Native extension for OSXStandalone target not found
Refreshing native plugins compatible for Editor in 0.52 ms, found 3 plugins.
Preloading 0 native plugins for Editor in 0.00 ms.
Mono: successfully reloaded assembly
- Completed reload, in  1.400 seconds
Domain Reload Profiling:
	ReloadAssembly (1403ms)
		BeginReloadAssembly (213ms)
			ExecutionOrderSort (0ms)
			DisableScriptedObjects (17ms)
			BackupInstance (0ms)
			ReleaseScriptingObjects (0ms)
			CreateAndSetChildDomain (129ms)
		EndReloadAssembly (1115ms)
			LoadAssemblies (88ms)
			RebuildTransferFunctionScriptingTraits (0ms)
			SetupTypeCache (403ms)
			ReleaseScriptCaches (1ms)
			RebuildScriptCaches (60ms)
			SetupLoadedEditorAssemblies (417ms)
				LogAssemblyErrors (0ms)
				InitializePlatformSupportModulesInManaged (5ms)
				SetLoadedEditorAssemblies (1ms)
				RefreshPlugins (1ms)
				BeforeProcessingInitializeOnLoad (155ms)
				ProcessInitializeOnLoadAttributes (242ms)
				ProcessInitializeOnLoadMethodAttributes (12ms)
				AfterProcessingInitializeOnLoad (1ms)
				EditorAssembliesLoaded (0ms)
			ExecutionOrderSort2 (0ms)
			AwakeInstancesAfterBackupRestoration (10ms)
Platform modules already initialized, skipping
Refreshing native plugins compatible for Editor in 0.49 ms, found 3 plugins.
Preloading 0 native plugins for Editor in 0.00 ms.
Unloading 2187 Unused Serialized files (Serialized files now loaded: 0)
System memory in use before: 192.8 MB.
System memory in use after: 192.9 MB.

Unloading 18 unused Assets to reduce memory usage. Loaded Objects now: 2674.
Total: 3.265289 ms (FindLiveObjects: 0.245843 ms CreateObjectMapping: 0.096325 ms MarkObjects: 2.891423 ms  DeleteObjects: 0.030848 ms)

AssetImportParameters requested are different than current active one (requested -> active):
  custom:video-decoder-ogg-theora: a1e56fd34408186e4bbccfd4996cb3dc -> 
  custom:container-muxer-webm: aa71ff27fc2769a1b78a27578f13a17b -> 
  custom:container-demuxer-webm: 4f35f7cbe854078d1ac9338744f61a02 -> 
  custom:container-demuxer-ogg: 62fdf1f143b41e24485cea50d1cbac27 -> 
  custom:video-encoder-webm-vp8: eb34c28f22e8b96e1ab97ce403110664 -> 
  custom:framework-osx-AVFoundation: e770b220cccbd017edd2c1fefb359320 -> 
  custom:video-decoder-webm-vp8: 9c59270c3fd7afecdb556c50c9e8de78 -> 
  custom:audio-decoder-ogg-vorbis: bf7c407c2cedff20999df2af8eb42d56 -> 
  custom:audio-encoder-webm-vorbis: bf7c407c2cedff20999df2af8eb42d56 -> 
========================================================================
Received Import Request.
  Time since last request: 3268.033932 seconds.
  path: Assets/W22_COP2671_053/Scripts/NewBehaviourScript.cs
  artifactKey: Guid(e71d4b57f4e3a4e219d6b82aa08733ac) Importer(815301076,1909f56bfc062723c751e8b465ee728b)
Start importing Assets/W22_COP2671_053/Scripts/NewBehaviourScript.cs using Guid(e71d4b57f4e3a4e219d6b82aa08733ac) Importer(815301076,1909f56bfc062723c751e8b465ee728b)  -> (artifact id: 'c009f9266d09cdc0e9de07210c9f25b5') in 0.386999 seconds 
  Import took 0.396839 seconds .

========================================================================
Received Import Request.
  Time since last request: 11.764364 seconds.
  path: Assets/W22_COP2671_053/Scripts/TestScript.cs
  artifactKey: Guid(e71d4b57f4e3a4e219d6b82aa08733ac) Importer(815301076,1909f56bfc062723c751e8b465ee728b)
Start importing Assets/W22_COP2671_053/Scripts/TestScript.cs using Guid(e71d4b57f4e3a4e219d6b82aa08733ac) Importer(815301076,1909f56bfc062723c751e8b465ee728b)  -> (artifact id: 'f951ac20061f19814c8d21c243b3452b') in 0.007061 seconds 
  Import took 0.012213 seconds .

========================================================================
Received Prepare
Registering precompiled user dll's ...
Registered in 0.001995 seconds.
Begin MonoManager ReloadAssembly
Native extension for OSXStandalone target not found
Refreshing native plugins compatible for Editor in 0.49 ms, found 3 plugins.
Preloading 0 native plugins for Editor in 0.00 ms.
Mono: successfully reloaded assembly
- Completed reload, in  1.329 seconds
Domain Reload Profiling:
	ReloadAssembly (1330ms)
		BeginReloadAssembly (147ms)
			ExecutionOrderSort (0ms)
			DisableScriptedObjects (7ms)
			BackupInstance (0ms)
			ReleaseScriptingObjects (0ms)
			CreateAndSetChildDomain (82ms)
		EndReloadAssembly (1096ms)
			LoadAssemblies (88ms)
			RebuildTransferFunctionScriptingTraits (0ms)
			SetupTypeCache (420ms)
			ReleaseScriptCaches (1ms)
			RebuildScriptCaches (63ms)
			SetupLoadedEditorAssemblies (385ms)
				LogAssemblyErrors (0ms)
				InitializePlatformSupportModulesInManaged (5ms)
				SetLoadedEditorAssemblies (1ms)
				RefreshPlugins (1ms)
				BeforeProcessingInitializeOnLoad (135ms)
				ProcessInitializeOnLoadAttributes (230ms)
				ProcessInitializeOnLoadMethodAttributes (13ms)
				AfterProcessingInitializeOnLoad (2ms)
				EditorAssembliesLoaded (0ms)
			ExecutionOrderSort2 (0ms)
			AwakeInstancesAfterBackupRestoration (10ms)
Platform modules already initialized, skipping
Refreshing native plugins compatible for Editor in 0.55 ms, found 3 plugins.
Preloading 0 native plugins for Editor in 0.00 ms.
Unloading 2187 Unused Serialized files (Serialized files now loaded: 0)
System memory in use before: 197.1 MB.
System memory in use after: 197.2 MB.

Unloading 17 unused Assets to reduce memory usage. Loaded Objects now: 2676.
Total: 3.360346 ms (FindLiveObjects: 0.170678 ms CreateObjectMapping: 0.067145 ms MarkObjects: 3.105376 ms  DeleteObjects: 0.016373 ms)

AssetImportParameters requested are different than current active one (requested -> active):
  custom:video-decoder-ogg-theora: a1e56fd34408186e4bbccfd4996cb3dc -> 
  custom:container-muxer-webm: aa71ff27fc2769a1b78a27578f13a17b -> 
  custom:container-demuxer-webm: 4f35f7cbe854078d1ac9338744f61a02 -> 
  custom:container-demuxer-ogg: 62fdf1f143b41e24485cea50d1cbac27 -> 
  custom:video-encoder-webm-vp8: eb34c28f22e8b96e1ab97ce403110664 -> 
  custom:framework-osx-AVFoundation: e770b220cccbd017edd2c1fefb359320 -> 
  custom:video-decoder-webm-vp8: 9c59270c3fd7afecdb556c50c9e8de78 -> 
  custom:audio-decoder-ogg-vorbis: bf7c407c2cedff20999df2af8eb42d56 -> 
  custom:audio-encoder-webm-vorbis: bf7c407c2cedff20999df2af8eb42d56 -> 
========================================================================
Received Prepare
Registering precompiled user dll's ...
Registered in 0.007152 seconds.
Begin MonoManager ReloadAssembly
Native extension for OSXStandalone target not found
Refreshing native plugins compatible for Editor in 0.56 ms, found 3 plugins.
Preloading 0 native plugins for Editor in 0.00 ms.
Mono: successfully reloaded assembly
- Completed reload, in  1.282 seconds
Domain Reload Profiling:
	ReloadAssembly (1283ms)
		BeginReloadAssembly (140ms)
			ExecutionOrderSort (0ms)
			DisableScriptedObjects (9ms)
			BackupInstance (0ms)
			ReleaseScriptingObjects (0ms)
			CreateAndSetChildDomain (75ms)
		EndReloadAssembly (1069ms)
			LoadAssemblies (80ms)
			RebuildTransferFunctionScriptingTraits (0ms)
			SetupTypeCache (394ms)
			ReleaseScriptCaches (1ms)
			RebuildScriptCaches (62ms)
			SetupLoadedEditorAssemblies (389ms)
				LogAssemblyErrors (0ms)
				InitializePlatformSupportModulesInManaged (5ms)
				SetLoadedEditorAssemblies (1ms)
				RefreshPlugins (1ms)
				BeforeProcessingInitializeOnLoad (133ms)
				ProcessInitializeOnLoadAttributes (235ms)
				ProcessInitializeOnLoadMethodAttributes (13ms)
				AfterProcessingInitializeOnLoad (2ms)
				EditorAssembliesLoaded (0ms)
			ExecutionOrderSort2 (0ms)
			AwakeInstancesAfterBackupRestoration (10ms)
Platform modules already initialized, skipping
Refreshing native plugins compatible for Editor in 0.44 ms, found 3 plugins.
Preloading 0 native plugins for Editor in 0.00 ms.
Unloading 2187 Unused Serialized files (Serialized files now loaded: 0)
System memory in use before: 197.3 MB.
System memory in use after: 197.4 MB.

Unloading 17 unused Assets to reduce memory usage. Loaded Objects now: 2678.
Total: 3.189289 ms (FindLiveObjects: 0.173052 ms CreateObjectMapping: 0.074960 ms MarkObjects: 2.921376 ms  DeleteObjects: 0.019104 ms)

AssetImportParameters requested are different than current active one (requested -> active):
  custom:video-decoder-ogg-theora: a1e56fd34408186e4bbccfd4996cb3dc -> 
  custom:container-muxer-webm: aa71ff27fc2769a1b78a27578f13a17b -> 
  custom:container-demuxer-webm: 4f35f7cbe854078d1ac9338744f61a02 -> 
  custom:container-demuxer-ogg: 62fdf1f143b41e24485cea50d1cbac27 -> 
  custom:video-encoder-webm-vp8: eb34c28f22e8b96e1ab97ce403110664 -> 
  custom:framework-osx-AVFoundation: e770b220cccbd017edd2c1fefb359320 -> 
  custom:video-decoder-webm-vp8: 9c59270c3fd7afecdb556c50c9e8de78 -> 
  custom:audio-decoder-ogg-vorbis: bf7c407c2cedff20999df2af8eb42d56 -> 
  custom:audio-encoder-webm-vorbis: bf7c407c2cedff20999df2af8eb42d56 -> 
========================================================================
Received Prepare
Trying to reload asset but can't find object on disk
Trying to reload asset but can't find object on disk
Trying to reload asset but can't find object on disk
Trying to reload asset but can't find object on disk
Trying to reload asset but can't find object on disk
Trying to reload asset but can't find object on disk
Trying to reload asset but can't find object on disk
Trying to reload asset but can't find object on disk
Trying to reload asset but can't find object on disk
Trying to reload asset but can't find object on disk
Trying to reload asset but can't find object on disk
Trying to reload asset but can't find object on disk
Trying to reload asset but can't find object on disk
Trying to reload asset but can't find object on disk
Trying to reload asset but can't find object on disk
Trying to reload asset but can't find object on disk
Trying to reload asset but can't find object on disk
Trying to reload asset but can't find object on disk
Trying to reload asset but can't find object on disk
Trying to reload asset but can't find object on disk
Trying to reload asset but can't find object on disk
Trying to reload asset but can't find object on disk
Trying to reload asset but can't find object on disk
Trying to reload asset but can't find object on disk
Trying to reload asset but can't find object on disk
Registering precompiled user dll's ...
Registered in 0.003200 seconds.
Begin MonoManager ReloadAssembly
Error: Could not load signature of Packages.Rider.Editor.UnitTesting.SyncTestRunCallback:RunStarted due to: Could not load file or assembly 'nunit.framework, Version=3.5.0.0, Culture=neutral, PublicKeyToken=2638cd05610744eb' or one of its dependencies. assembly:nunit.framework, Version=3.5.0.0, Culture=neutral, PublicKeyToken=2638cd05610744eb type:<unknown type> member:(null) signature:<none>
Error: Could not load signature of Codice.CheckWorkspaceTreeNodeStatus:IsPrivate due to: Could not load file or assembly 'unityplastic, Version=10.0.16.6299, Culture=neutral, PublicKeyToken=a107c9c6e34c8876' or one of its dependencies. assembly:unityplastic, Version=10.0.16.6299, Culture=neutral, PublicKeyToken=a107c9c6e34c8876 type:<unknown type> member:(null) signature:<none>
Error: Could not load signature of UnityEngine.TestRunner.ITestRunCallback:RunStarted due to: Could not load file or assembly 'nunit.framework, Version=3.5.0.0, Culture=neutral, PublicKeyToken=2638cd05610744eb' or one of its dependencies. assembly:nunit.framework, Version=3.5.0.0, Culture=neutral, PublicKeyToken=2638cd05610744eb type:<unknown type> member:(null) signature:<none>
Unloading broken assembly Library/ScriptAssemblies/Unity.Rider.Editor.dll, this assembly can cause crashes in the runtime
Unloading broken assembly Library/ScriptAssemblies/Unity.PlasticSCM.Editor.dll, this assembly can cause crashes in the runtime
Unloading broken assembly Library/ScriptAssemblies/UnityEditor.TestRunner.dll, this assembly can cause crashes in the runtime
Unloading broken assembly Library/ScriptAssemblies/UnityEngine.TestRunner.dll, this assembly can cause crashes in the runtime
Native extension for OSXStandalone target not found
Refreshing native plugins compatible for Editor in 30.48 ms, found 0 plugins.
Preloading 0 native plugins for Editor in 0.00 ms.
System.TypeLoadException: Could not find method due to a type load error
  at CollabProxy.UI.Bootstrap..cctor () [0x00000] in /Users/dwlebleu/Documents/SCHOOL/MOBILE APP DESIGN/W22_COP2671_053/Final_Project/Library/PackageCache/com.unity.collab-proxy@1.15.7/Editor/Collaborate/UserInterface/Bootstrap.cs:14 
UnityEngine.StackTraceUtility:ExtractStackTrace () (at /Users/bokken/buildslave/unity/build/Runtime/Export/Scripting/StackTrace.cs:37)
UnityEngine.DebugLogHandler:LogFormat (UnityEngine.LogType,UnityEngine.Object,string,object[])
UnityEngine.Logger:Log (UnityEngine.LogType,object)
UnityEngine.Debug:LogError (object)
UnityEditor.EditorAssemblies:ProcessInitializeOnLoadAttributes (System.Type[]) (at /Users/bokken/buildslave/unity/build/Editor/Mono/EditorAssemblies.cs:138)

(Filename: /Users/bokken/buildslave/unity/build/Editor/Mono/EditorAssemblies.cs Line: 138)

TypeLoadException: Could not load array element type, due to: Could not load type of field 'Packages.Rider.Editor.UnitTesting.TestEvent:testStatus' (4) due to: Could not load file or assembly 'nunit.framework, Version=3.5.0.0, Culture=neutral, PublicKeyToken=2638cd05610744eb' or one of its dependencies. assembly:nunit.framework, Version=3.5.0.0, Culture=neutral, PublicKeyToken=2638cd05610744eb type:<unknown type> member:(null) signature:<none> assembly:/Users/dwlebleu/Documents/SCHOOL/MOBILE APP DESIGN/W22_COP2671_053/Final_Project/Library/ScriptAssemblies/Unity.Rider.Editor.dll type:TestEvent member:(null) signature:<none>
  at System.Collections.Generic.List`1[T]..cctor () [0x00000] in <695d1cc93cca45069c528c15c9fdd749>:0 
Rethrow as TypeInitializationException: The type initializer for 'System.Collections.Generic.List`1' threw an exception.
  at Packages.Rider.Editor.UnitTesting.CallbackData..ctor () [0x00000] in /Users/dwlebleu/Documents/SCHOOL/MOBILE APP DESIGN/W22_COP2671_053/Final_Project/Library/PackageCache/com.unity.ide.rider@2.0.7/Rider/Editor/UnitTesting/CallbackData.cs:23 
UnityEngine.ScriptableObject:CreateScriptableObjectInstanceFromType(Type, Boolean)
UnityEngine.ScriptableObject:CreateInstance(Type) (at /Users/bokken/buildslave/unity/build/Runtime/Export/Scripting/ScriptableObject.bindings.cs:34)
UnityEngine.ScriptableObject:CreateInstance() (at /Users/bokken/buildslave/unity/build/Runtime/Export/Scripting/ScriptableObject.bindings.cs:40)
UnityEditor.ScriptableSingleton`1:CreateAndLoad() (at /Users/bokken/buildslave/unity/build/Editor/Mono/ScriptableSingleton.cs:108)
UnityEditor.ScriptableSingleton`1:get_instance() (at /Users/bokken/buildslave/unity/build/Editor/Mono/ScriptableSingleton.cs:72)
Packages.Rider.Editor.UnitTesting.CallbackInitializer:.cctor() (at Library/PackageCache/com.unity.ide.rider@2.0.7/Rider/Editor/UnitTesting/CallbackInitializer.cs:13)
System.Runtime.CompilerServices.RuntimeHelpers:RunClassConstructor(IntPtr)
System.Runtime.CompilerServices.RuntimeHelpers:RunClassConstructor(RuntimeTypeHandle)
UnityEditor.EditorAssemblies:ProcessInitializeOnLoadAttributes(Type[]) (at /Users/bokken/buildslave/unity/build/Editor/Mono/EditorAssemblies.cs:134)

(Filename: Library/PackageCache/com.unity.ide.rider@2.0.7/Rider/Editor/UnitTesting/CallbackData.cs Line: 23)

System.NullReferenceException: Object reference not set to an instance of an object
  at Packages.Rider.Editor.UnitTesting.CallbackInitializer..cctor () [0x00000] in /Users/dwlebleu/Documents/SCHOOL/MOBILE APP DESIGN/W22_COP2671_053/Final_Project/Library/PackageCache/com.unity.ide.rider@2.0.7/Rider/Editor/UnitTesting/CallbackInitializer.cs:13 
UnityEngine.StackTraceUtility:ExtractStackTrace () (at /Users/bokken/buildslave/unity/build/Runtime/Export/Scripting/StackTrace.cs:37)
UnityEngine.DebugLogHandler:LogFormat (UnityEngine.LogType,UnityEngine.Object,string,object[])
UnityEngine.Logger:Log (UnityEngine.LogType,object)
UnityEngine.Debug:LogError (object)
UnityEditor.EditorAssemblies:ProcessInitializeOnLoadAttributes (System.Type[]) (at /Users/bokken/buildslave/unity/build/Editor/Mono/EditorAssemblies.cs:138)

(Filename: /Users/bokken/buildslave/unity/build/Editor/Mono/EditorAssemblies.cs Line: 138)

Mono: successfully reloaded assembly
- Completed reload, in  1.339 seconds
Domain Reload Profiling:
	ReloadAssembly (1342ms)
		BeginReloadAssembly (254ms)
			ExecutionOrderSort (0ms)
			DisableScriptedObjects (22ms)
			BackupInstance (0ms)
			ReleaseScriptingObjects (0ms)
			CreateAndSetChildDomain (152ms)
		EndReloadAssembly (1002ms)
			LoadAssemblies (44ms)
			RebuildTransferFunctionScriptingTraits (0ms)
			SetupTypeCache (388ms)
			ReleaseScriptCaches (1ms)
			RebuildScriptCaches (63ms)
			SetupLoadedEditorAssemblies (307ms)
				LogAssemblyErrors (0ms)
				InitializePlatformSupportModulesInManaged (4ms)
				SetLoadedEditorAssemblies (0ms)
				RefreshPlugins (31ms)
				BeforeProcessingInitializeOnLoad (92ms)
				ProcessInitializeOnLoadAttributes (165ms)
				ProcessInitializeOnLoadMethodAttributes (13ms)
				AfterProcessingInitializeOnLoad (1ms)
				EditorAssembliesLoaded (0ms)
			ExecutionOrderSort2 (0ms)
			AwakeInstancesAfterBackupRestoration (8ms)
Platform modules already initialized, skipping
Refreshing native plugins compatible for Editor in 0.46 ms, found 0 plugins.
Preloading 0 native plugins for Editor in 0.00 ms.
Unloading 1 Unused Serialized files (Serialized files now loaded: 0)
System memory in use before: 116.3 MB.
System memory in use after: 116.4 MB.

Unloading 0 unused Assets to reduce memory usage. Loaded Objects now: 1195.
Total: 2.779044 ms (FindLiveObjects: 0.139169 ms CreateObjectMapping: 0.019819 ms MarkObjects: 2.607268 ms  DeleteObjects: 0.011979 ms)

AssetImportParameters requested are different than current active one (requested -> active):
  custom:video-decoder-ogg-theora: a1e56fd34408186e4bbccfd4996cb3dc -> 
  custom:container-muxer-webm: aa71ff27fc2769a1b78a27578f13a17b -> 
  custom:container-demuxer-webm: 4f35f7cbe854078d1ac9338744f61a02 -> 
  custom:container-demuxer-ogg: 62fdf1f143b41e24485cea50d1cbac27 -> 
  custom:video-encoder-webm-vp8: eb34c28f22e8b96e1ab97ce403110664 -> 
  custom:framework-osx-AVFoundation: e770b220cccbd017edd2c1fefb359320 -> 
  custom:video-decoder-webm-vp8: 9c59270c3fd7afecdb556c50c9e8de78 -> 
  custom:audio-decoder-ogg-vorbis: bf7c407c2cedff20999df2af8eb42d56 -> 
  custom:audio-encoder-webm-vorbis: bf7c407c2cedff20999df2af8eb42d56 -> 
========================================================================
Received Import Request.
  Time since last request: 17731.194290 seconds.
  path: Assets
  artifactKey: Guid(00000000000000001000000000000000) Importer(815301076,1909f56bfc062723c751e8b465ee728b)
Start importing Assets using Guid(00000000000000001000000000000000) Importer(815301076,1909f56bfc062723c751e8b465ee728b) File VirtualArtifacts/NamedExtra/dcdc1eca1514a4186b8c199fc073fe83 couldn't be written. Because moving /Users/dwlebleu/Documents/SCHOOL/MOBILE APP DESIGN/W22_COP2671_053/Final_Project/Temp/UnityTempFile-43d1a99f09d6a47e39ed2b541e46f93b to /Users/dwlebleu/Documents/SCHOOL/MOBILE APP DESIGN/W22_COP2671_053/Final_Project/Library/TempArtifacts/Extra/dcdc1eca1514a4186b8c199fc073fe83 failed.
 -> (artifact id: '00000000000000000000000000000000') in 1.916836 seconds  code(2) message(Failed to write the asset file 'Assets')
  ERROR: Failed to write the asset file 'Assets'
  Import took 1.918748 seconds .

AssetImportWorkerClient::OnTransportError - code=2 error=End of file
